<?xml version="1.0" encoding="UTF-8"?>
<!-- Generated by org.testng.reporters.JUnitReportReporter -->
<testsuite hostname="LAPTOP-IF2LQPSQ" failures="0" tests="46" name="console_script.Runner" time="28.706" errors="2" timestamp="2024-09-25T23:55:11 IST" skipped="0">
  <testcase classname="console_script.Runner" name="runScenario" time="3.730"/>
  <system-out/>
  <testcase classname="console_script.Runner" name="runScenario" time="0.289"/>
  <system-out/>
  <testcase classname="console_script.Runner" name="runScenario" time="0.181"/>
  <system-out/>
  <testcase classname="console_script.Runner" name="runScenario" time="0.240"/>
  <system-out/>
  <testcase classname="console_script.Runner" name="runScenario" time="3.758"/>
  <system-out/>
  <testcase classname="console_script.Runner" name="runScenario" time="0.268"/>
  <system-out/>
  <testcase classname="console_script.Runner" name="runScenario" time="0.202"/>
  <system-out/>
  <testcase classname="console_script.Runner" name="runScenario" time="0.141"/>
  <system-out/>
  <testcase classname="console_script.Runner" name="runScenario" time="0.137"/>
  <system-out/>
  <testcase classname="console_script.Runner" name="runScenario" time="0.166"/>
  <system-out/>
  <testcase classname="console_script.Runner" name="runScenario" time="0.238"/>
  <system-out/>
  <testcase classname="console_script.Runner" name="runScenario" time="0.184"/>
  <system-out/>
  <testcase classname="console_script.Runner" name="runScenario" time="0.120"/>
  <system-out/>
  <testcase classname="console_script.Runner" name="runScenario" time="10.482">
    <error message="Expected condition failed: waiting for visibility of element located by By.xpath: //*[@class=&#039;logout&#039;] (tried for 10 second(s) with 500 milliseconds interval)
Build info: version: &#039;4.24.0&#039;, revision: &#039;748ffc9bc3&#039;
System info: os.name: &#039;Windows 11&#039;, os.arch: &#039;amd64&#039;, os.version: &#039;10.0&#039;, java.version: &#039;21.0.4&#039;
Driver info: org.openqa.selenium.chrome.ChromeDriver
Capabilities {acceptInsecureCerts: false, browserName: chrome, browserVersion: 129.0.6668.59, chrome: {chromedriverVersion: 129.0.6668.70 (df87d5cf12b1..., userDataDir: C:\Users\guru\AppData\Local...}, fedcm:accounts: true, goog:chromeOptions: {debuggerAddress: localhost:51715}, networkConnectionEnabled: false, pageLoadStrategy: normal, platformName: windows, proxy: Proxy(), se:cdp: ws://localhost:51715/devtoo..., se:cdpVersion: 129.0.6668.59, setWindowRect: true, strictFileInteractability: false, timeouts: {implicit: 0, pageLoad: 300000, script: 30000}, unhandledPromptBehavior: dismiss and notify, webauthn:extension:credBlob: true, webauthn:extension:largeBlob: true, webauthn:extension:minPinLength: true, webauthn:extension:prf: true, webauthn:virtualAuthenticators: true}
Session ID: b859f3f1addbfeab22f3d884a3e51836" type="org.openqa.selenium.TimeoutException">
      <![CDATA[org.openqa.selenium.TimeoutException: Expected condition failed: waiting for visibility of element located by By.xpath: //*[@class='logout'] (tried for 10 second(s) with 500 milliseconds interval)
Build info: version: '4.24.0', revision: '748ffc9bc3'
System info: os.name: 'Windows 11', os.arch: 'amd64', os.version: '10.0', java.version: '21.0.4'
Driver info: org.openqa.selenium.chrome.ChromeDriver
Capabilities {acceptInsecureCerts: false, browserName: chrome, browserVersion: 129.0.6668.59, chrome: {chromedriverVersion: 129.0.6668.70 (df87d5cf12b1..., userDataDir: C:\Users\guru\AppData\Local...}, fedcm:accounts: true, goog:chromeOptions: {debuggerAddress: localhost:51715}, networkConnectionEnabled: false, pageLoadStrategy: normal, platformName: windows, proxy: Proxy(), se:cdp: ws://localhost:51715/devtoo..., se:cdpVersion: 129.0.6668.59, setWindowRect: true, strictFileInteractability: false, timeouts: {implicit: 0, pageLoad: 300000, script: 30000}, unhandledPromptBehavior: dismiss and notify, webauthn:extension:credBlob: true, webauthn:extension:largeBlob: true, webauthn:extension:minPinLength: true, webauthn:extension:prf: true, webauthn:virtualAuthenticators: true}
Session ID: b859f3f1addbfeab22f3d884a3e51836
at org.openqa.selenium.support.ui.WebDriverWait.timeoutException(WebDriverWait.java:84)
at org.openqa.selenium.support.ui.FluentWait.until(FluentWait.java:228)
at console_script.sanity.click_on_the_logout_from_the_dropdown(sanity.java:162)
at ✽.click on the logout from the dropdown(file:///C:/Users/guru/Desktop/Automation_script/QAconsole_Script/src/main/java/feature_file/sanity_Admin.feature:108)
]]>
    </error>
  </testcase> <!-- runScenario -->
  <system-out/>
  <testcase classname="console_script.Runner" name="runScenario" time="0.171"/>
  <system-out/>
  <testcase classname="console_script.Runner" name="runScenario" time="0.230"/>
  <system-out/>
  <testcase classname="console_script.Runner" name="runScenario" time="0.261"/>
  <system-out/>
  <testcase classname="console_script.Runner" name="runScenario" time="0.170"/>
  <system-out/>
  <testcase classname="console_script.Runner" name="runScenario" time="0.226"/>
  <system-out/>
  <testcase classname="console_script.Runner" name="runScenario" time="0.654">
    <error message="no such element: Unable to locate element: {&quot;method&quot;:&quot;xpath&quot;,&quot;selector&quot;:&quot;//*[text()=&#039;logout&#039;]&quot;}
  (Session info: chrome=129.0.6668.59)
For documentation on this error, please visit: https://www.selenium.dev/documentation/webdriver/troubleshooting/errors#no-such-element-exception
Build info: version: &#039;4.24.0&#039;, revision: &#039;748ffc9bc3&#039;
System info: os.name: &#039;Windows 11&#039;, os.arch: &#039;amd64&#039;, os.version: &#039;10.0&#039;, java.version: &#039;21.0.4&#039;
Driver info: org.openqa.selenium.chrome.ChromeDriver
Command: [b859f3f1addbfeab22f3d884a3e51836, findElement {value=//*[text()=&#039;logout&#039;], using=xpath}]
Capabilities {acceptInsecureCerts: false, browserName: chrome, browserVersion: 129.0.6668.59, chrome: {chromedriverVersion: 129.0.6668.70 (df87d5cf12b1..., userDataDir: C:\Users\guru\AppData\Local...}, fedcm:accounts: true, goog:chromeOptions: {debuggerAddress: localhost:51715}, networkConnectionEnabled: false, pageLoadStrategy: normal, platformName: windows, proxy: Proxy(), se:cdp: ws://localhost:51715/devtoo..., se:cdpVersion: 129.0.6668.59, setWindowRect: true, strictFileInteractability: false, timeouts: {implicit: 0, pageLoad: 300000, script: 30000}, unhandledPromptBehavior: dismiss and notify, webauthn:extension:credBlob: true, webauthn:extension:largeBlob: true, webauthn:extension:minPinLength: true, webauthn:extension:prf: true, webauthn:virtualAuthenticators: true}
Session ID: b859f3f1addbfeab22f3d884a3e51836" type="org.openqa.selenium.NoSuchElementException">
      <![CDATA[org.openqa.selenium.NoSuchElementException: no such element: Unable to locate element: {"method":"xpath","selector":"//*[text()='logout']"}
  (Session info: chrome=129.0.6668.59)
For documentation on this error, please visit: https://www.selenium.dev/documentation/webdriver/troubleshooting/errors#no-such-element-exception
Build info: version: '4.24.0', revision: '748ffc9bc3'
System info: os.name: 'Windows 11', os.arch: 'amd64', os.version: '10.0', java.version: '21.0.4'
Driver info: org.openqa.selenium.chrome.ChromeDriver
Command: [b859f3f1addbfeab22f3d884a3e51836, findElement {value=//*[text()='logout'], using=xpath}]
Capabilities {acceptInsecureCerts: false, browserName: chrome, browserVersion: 129.0.6668.59, chrome: {chromedriverVersion: 129.0.6668.70 (df87d5cf12b1..., userDataDir: C:\Users\guru\AppData\Local...}, fedcm:accounts: true, goog:chromeOptions: {debuggerAddress: localhost:51715}, networkConnectionEnabled: false, pageLoadStrategy: normal, platformName: windows, proxy: Proxy(), se:cdp: ws://localhost:51715/devtoo..., se:cdpVersion: 129.0.6668.59, setWindowRect: true, strictFileInteractability: false, timeouts: {implicit: 0, pageLoad: 300000, script: 30000}, unhandledPromptBehavior: dismiss and notify, webauthn:extension:credBlob: true, webauthn:extension:largeBlob: true, webauthn:extension:minPinLength: true, webauthn:extension:prf: true, webauthn:virtualAuthenticators: true}
Session ID: b859f3f1addbfeab22f3d884a3e51836
at java.base/jdk.internal.reflect.DirectConstructorHandleAccessor.newInstance(DirectConstructorHandleAccessor.java:62)
at java.base/java.lang.reflect.Constructor.newInstanceWithCaller(Constructor.java:502)
at java.base/java.lang.reflect.Constructor.newInstance(Constructor.java:486)
at org.openqa.selenium.remote.ErrorCodec.decode(ErrorCodec.java:167)
at org.openqa.selenium.remote.codec.w3c.W3CHttpResponseCodec.decode(W3CHttpResponseCodec.java:138)
at org.openqa.selenium.remote.codec.w3c.W3CHttpResponseCodec.decode(W3CHttpResponseCodec.java:50)
at org.openqa.selenium.remote.HttpCommandExecutor.execute(HttpCommandExecutor.java:190)
at org.openqa.selenium.remote.service.DriverCommandExecutor.invokeExecute(DriverCommandExecutor.java:216)
at org.openqa.selenium.remote.service.DriverCommandExecutor.execute(DriverCommandExecutor.java:174)
at org.openqa.selenium.remote.RemoteWebDriver.execute(RemoteWebDriver.java:545)
at org.openqa.selenium.remote.ElementLocation$ElementFinder$2.findElement(ElementLocation.java:165)
at org.openqa.selenium.remote.ElementLocation.findElement(ElementLocation.java:59)
at org.openqa.selenium.remote.RemoteWebDriver.findElement(RemoteWebDriver.java:368)
at org.openqa.selenium.remote.RemoteWebDriver.findElement(RemoteWebDriver.java:362)
at console_script.sanity.click_on_the_logout_button(sanity.java:168)
at ✽.click on the logout button(file:///C:/Users/guru/Desktop/Automation_script/QAconsole_Script/src/main/java/feature_file/sanity_SA.feature:109)
]]>
    </error>
  </testcase> <!-- runScenario -->
  <system-out/>
  <testcase classname="console_script.Runner" name="runScenario" time="0.167"/>
  <system-out/>
  <testcase classname="console_script.Runner" name="runScenario" time="0.215"/>
  <system-out/>
  <testcase classname="console_script.Runner" name="runScenario" time="0.220"/>
  <system-out/>
  <testcase classname="console_script.Runner" name="runScenario" time="0.316"/>
  <system-out/>
  <testcase classname="console_script.Runner" name="runScenario" time="0.215"/>
  <system-out/>
  <testcase classname="console_script.Runner" name="runScenario" time="0.670"/>
  <system-out/>
  <testcase classname="console_script.Runner" name="runScenario" time="0.333"/>
  <system-out/>
  <testcase classname="console_script.Runner" name="runScenario" time="0.148"/>
  <system-out/>
  <testcase classname="console_script.Runner" name="runScenario" time="0.085"/>
  <system-out/>
  <testcase classname="console_script.Runner" name="runScenario" time="0.233"/>
  <system-out/>
  <testcase classname="console_script.Runner" name="runScenario" time="0.690"/>
  <system-out/>
  <testcase classname="console_script.Runner" name="runScenario" time="0.149"/>
  <system-out/>
  <testcase classname="console_script.Runner" name="runScenario" time="0.100"/>
  <system-out/>
  <testcase classname="console_script.Runner" name="runScenario" time="0.279"/>
  <system-out/>
  <testcase classname="console_script.Runner" name="runScenario" time="0.143"/>
  <system-out/>
  <testcase classname="console_script.Runner" name="runScenario" time="0.163"/>
  <system-out/>
  <testcase classname="console_script.Runner" name="runScenario" time="0.386"/>
  <system-out/>
  <testcase classname="console_script.Runner" name="runScenario" time="0.261"/>
  <system-out/>
  <testcase classname="console_script.Runner" name="runScenario" time="0.425"/>
  <system-out/>
  <testcase classname="console_script.Runner" name="runScenario" time="0.155"/>
  <system-out/>
  <testcase classname="console_script.Runner" name="runScenario" time="0.379"/>
  <system-out/>
  <testcase classname="console_script.Runner" name="runScenario" time="0.153"/>
  <system-out/>
  <testcase classname="console_script.Runner" name="runScenario" time="0.187"/>
  <system-out/>
  <testcase classname="console_script.Runner" name="runScenario" time="0.375"/>
  <system-out/>
  <testcase classname="console_script.Runner" name="runScenario" time="0.246"/>
  <system-out/>
  <testcase classname="console_script.Runner" name="runScenario" time="0.165"/>
  <system-out/>
</testsuite> <!-- console_script.Runner -->
